1731207152.249862 client started (1035099): version 3.4, socket /tmp/tmux-1000/default, protocol 8
1731207152.249882 on Linux 6.6.56 #1-NixOS SMP PREEMPT_DYNAMIC Thu Oct 10 10:50:06 UTC 2024
1731207152.249884 using libevent 2.1.12-stable poll
1731207152.249890 using utf8proc 2.9.0
1731207152.249892 using ncurses 6.4 20221231
1731207152.249899 flags are 0x18010000
1731207152.249908 socket is /tmp/tmux-1000/default
1731207152.249918 trying connect
1731207152.249929 connect failed: Connection refused
1731207152.249934 lock file is /tmp/tmux-1000/default.lock
1731207152.249958 flock succeeded
1731207152.249960 got lock (6)
1731207152.249964 trying connect
1731207152.249969 connect failed: Connection refused
1731207152.250198 add peer 0xf6f380: 7 ((nil))
1731207152.250427 sending message 100 to peer 0xf6f380 (4 bytes)
1731207152.250432 sending message 111 to peer 0xf6f380 (8 bytes)
1731207152.250434 sending message 101 to peer 0xf6f380 (12 bytes)
1731207152.250436 sending message 109 to peer 0xf6f380 (4 bytes)
1731207152.250437 sending message 102 to peer 0xf6f380 (11 bytes)
1731207152.250439 sending message 108 to peer 0xf6f380 (29 bytes)
1731207152.250441 sending message 112 to peer 0xf6f380 (70 bytes)
1731207152.250442 sending message 112 to peer 0xf6f380 (5 bytes)
1731207152.250444 sending message 112 to peer 0xf6f380 (6 bytes)
1731207152.250445 sending message 112 to peer 0xf6f380 (6 bytes)
1731207152.250447 sending message 112 to peer 0xf6f380 (10 bytes)
1731207152.250449 sending message 112 to peer 0xf6f380 (13 bytes)
1731207152.250450 sending message 112 to peer 0xf6f380 (14 bytes)
1731207152.250452 sending message 112 to peer 0xf6f380 (19 bytes)
1731207152.250453 sending message 112 to peer 0xf6f380 (11 bytes)
1731207152.250455 sending message 112 to peer 0xf6f380 (10 bytes)
1731207152.250456 sending message 112 to peer 0xf6f380 (15 bytes)
1731207152.250458 sending message 112 to peer 0xf6f380 (21 bytes)
1731207152.250459 sending message 112 to peer 0xf6f380 (13 bytes)
1731207152.250461 sending message 112 to peer 0xf6f380 (7 bytes)
1731207152.250463 sending message 112 to peer 0xf6f380 (13 bytes)
1731207152.250464 sending message 112 to peer 0xf6f380 (7 bytes)
1731207152.250466 sending message 112 to peer 0xf6f380 (13 bytes)
1731207152.250467 sending message 112 to peer 0xf6f380 (9 bytes)
1731207152.250469 sending message 112 to peer 0xf6f380 (21 bytes)
1731207152.250470 sending message 112 to peer 0xf6f380 (13 bytes)
1731207152.250472 sending message 112 to peer 0xf6f380 (9 bytes)
1731207152.250473 sending message 112 to peer 0xf6f380 (16 bytes)
1731207152.250475 sending message 112 to peer 0xf6f380 (13 bytes)
1731207152.250476 sending message 112 to peer 0xf6f380 (9 bytes)
1731207152.250478 sending message 112 to peer 0xf6f380 (9 bytes)
1731207152.250480 sending message 112 to peer 0xf6f380 (12 bytes)
1731207152.250481 sending message 112 to peer 0xf6f380 (8 bytes)
1731207152.250483 sending message 112 to peer 0xf6f380 (13 bytes)
1731207152.250484 sending message 112 to peer 0xf6f380 (7 bytes)
1731207152.250486 sending message 112 to peer 0xf6f380 (7 bytes)
1731207152.250487 sending message 112 to peer 0xf6f380 (9 bytes)
1731207152.250489 sending message 112 to peer 0xf6f380 (6 bytes)
1731207152.250490 sending message 112 to peer 0xf6f380 (9 bytes)
1731207152.250492 sending message 112 to peer 0xf6f380 (15 bytes)
1731207152.250494 sending message 112 to peer 0xf6f380 (13 bytes)
1731207152.250502 sending message 112 to peer 0xf6f380 (12 bytes)
1731207152.250504 sending message 112 to peer 0xf6f380 (8 bytes)
1731207152.250506 sending message 112 to peer 0xf6f380 (14 bytes)
1731207152.250507 sending message 112 to peer 0xf6f380 (9 bytes)
1731207152.250510 sending message 112 to peer 0xf6f380 (10 bytes)
1731207152.250511 sending message 112 to peer 0xf6f380 (10 bytes)
1731207152.250513 sending message 112 to peer 0xf6f380 (10 bytes)
1731207152.250514 sending message 112 to peer 0xf6f380 (10 bytes)
1731207152.250516 sending message 112 to peer 0xf6f380 (11 bytes)
1731207152.250518 sending message 112 to peer 0xf6f380 (12 bytes)
1731207152.250527 sending message 112 to peer 0xf6f380 (12 bytes)
1731207152.250529 sending message 112 to peer 0xf6f380 (12 bytes)
1731207152.250530 sending message 112 to peer 0xf6f380 (12 bytes)
1731207152.250532 sending message 112 to peer 0xf6f380 (12 bytes)
1731207152.250534 sending message 112 to peer 0xf6f380 (11 bytes)
1731207152.250535 sending message 112 to peer 0xf6f380 (11 bytes)
1731207152.250537 sending message 112 to peer 0xf6f380 (12 bytes)
1731207152.250538 sending message 112 to peer 0xf6f380 (12 bytes)
1731207152.250540 sending message 112 to peer 0xf6f380 (12 bytes)
1731207152.250541 sending message 112 to peer 0xf6f380 (12 bytes)
1731207152.250543 sending message 112 to peer 0xf6f380 (12 bytes)
1731207152.250545 sending message 112 to peer 0xf6f380 (9 bytes)
1731207152.250546 sending message 112 to peer 0xf6f380 (12 bytes)
1731207152.250548 sending message 112 to peer 0xf6f380 (13 bytes)
1731207152.250549 sending message 112 to peer 0xf6f380 (13 bytes)
1731207152.250551 sending message 112 to peer 0xf6f380 (13 bytes)
1731207152.250552 sending message 112 to peer 0xf6f380 (13 bytes)
1731207152.250554 sending message 112 to peer 0xf6f380 (13 bytes)
1731207152.250556 sending message 112 to peer 0xf6f380 (8 bytes)
1731207152.250557 sending message 112 to peer 0xf6f380 (11 bytes)
1731207152.250559 sending message 112 to peer 0xf6f380 (11 bytes)
1731207152.250560 sending message 112 to peer 0xf6f380 (11 bytes)
1731207152.250562 sending message 112 to peer 0xf6f380 (12 bytes)
1731207152.250563 sending message 112 to peer 0xf6f380 (12 bytes)
1731207152.250565 sending message 112 to peer 0xf6f380 (13 bytes)
1731207152.250567 sending message 112 to peer 0xf6f380 (12 bytes)
1731207152.250568 sending message 112 to peer 0xf6f380 (13 bytes)
1731207152.250570 sending message 112 to peer 0xf6f380 (13 bytes)
1731207152.250571 sending message 112 to peer 0xf6f380 (13 bytes)
1731207152.250573 sending message 112 to peer 0xf6f380 (8 bytes)
1731207152.250574 sending message 112 to peer 0xf6f380 (13 bytes)
1731207152.250576 sending message 112 to peer 0xf6f380 (13 bytes)
1731207152.250578 sending message 112 to peer 0xf6f380 (13 bytes)
1731207152.250579 sending message 112 to peer 0xf6f380 (13 bytes)
1731207152.250581 sending message 112 to peer 0xf6f380 (13 bytes)
1731207152.250582 sending message 112 to peer 0xf6f380 (12 bytes)
1731207152.250584 sending message 112 to peer 0xf6f380 (12 bytes)
1731207152.250585 sending message 112 to peer 0xf6f380 (13 bytes)
1731207152.250587 sending message 112 to peer 0xf6f380 (12 bytes)
1731207152.250589 sending message 112 to peer 0xf6f380 (13 bytes)
1731207152.250590 sending message 112 to peer 0xf6f380 (8 bytes)
1731207152.250592 sending message 112 to peer 0xf6f380 (13 bytes)
1731207152.250593 sending message 112 to peer 0xf6f380 (13 bytes)
1731207152.250595 sending message 112 to peer 0xf6f380 (13 bytes)
1731207152.250596 sending message 112 to peer 0xf6f380 (13 bytes)
1731207152.250598 sending message 112 to peer 0xf6f380 (13 bytes)
1731207152.250600 sending message 112 to peer 0xf6f380 (13 bytes)
1731207152.250601 sending message 112 to peer 0xf6f380 (13 bytes)
1731207152.250603 sending message 112 to peer 0xf6f380 (12 bytes)
1731207152.250604 sending message 112 to peer 0xf6f380 (12 bytes)
1731207152.250606 sending message 112 to peer 0xf6f380 (13 bytes)
1731207152.250607 sending message 112 to peer 0xf6f380 (8 bytes)
1731207152.250609 sending message 112 to peer 0xf6f380 (12 bytes)
1731207152.250611 sending message 112 to peer 0xf6f380 (13 bytes)
1731207152.250612 sending message 112 to peer 0xf6f380 (13 bytes)
1731207152.250614 sending message 112 to peer 0xf6f380 (13 bytes)
1731207152.250615 sending message 112 to peer 0xf6f380 (13 bytes)
1731207152.250617 sending message 112 to peer 0xf6f380 (13 bytes)
1731207152.250619 sending message 112 to peer 0xf6f380 (13 bytes)
1731207152.250620 sending message 112 to peer 0xf6f380 (13 bytes)
1731207152.250622 sending message 112 to peer 0xf6f380 (13 bytes)
1731207152.250623 sending message 112 to peer 0xf6f380 (12 bytes)
1731207152.250627 sending message 112 to peer 0xf6f380 (10 bytes)
1731207152.250629 sending message 112 to peer 0xf6f380 (12 bytes)
1731207152.250630 sending message 112 to peer 0xf6f380 (13 bytes)
1731207152.250632 sending message 112 to peer 0xf6f380 (12 bytes)
1731207152.250634 sending message 112 to peer 0xf6f380 (13 bytes)
1731207152.250635 sending message 112 to peer 0xf6f380 (13 bytes)
1731207152.250637 sending message 112 to peer 0xf6f380 (13 bytes)
1731207152.250638 sending message 112 to peer 0xf6f380 (13 bytes)
1731207152.250640 sending message 112 to peer 0xf6f380 (13 bytes)
1731207152.250642 sending message 112 to peer 0xf6f380 (13 bytes)
1731207152.250643 sending message 112 to peer 0xf6f380 (13 bytes)
1731207152.250645 sending message 112 to peer 0xf6f380 (10 bytes)
1731207152.250646 sending message 112 to peer 0xf6f380 (13 bytes)
1731207152.250648 sending message 112 to peer 0xf6f380 (12 bytes)
1731207152.250649 sending message 112 to peer 0xf6f380 (12 bytes)
1731207152.250651 sending message 112 to peer 0xf6f380 (13 bytes)
1731207152.250653 sending message 112 to peer 0xf6f380 (10 bytes)
1731207152.250654 sending message 112 to peer 0xf6f380 (10 bytes)
1731207152.250656 sending message 112 to peer 0xf6f380 (10 bytes)
1731207152.250657 sending message 112 to peer 0xf6f380 (12 bytes)
1731207152.250659 sending message 112 to peer 0xf6f380 (13 bytes)
1731207152.250661 sending message 112 to peer 0xf6f380 (13 bytes)
1731207152.250662 sending message 112 to peer 0xf6f380 (13 bytes)
1731207152.250664 sending message 112 to peer 0xf6f380 (13 bytes)
1731207152.250665 sending message 112 to peer 0xf6f380 (13 bytes)
1731207152.250667 sending message 112 to peer 0xf6f380 (10 bytes)
1731207152.250668 sending message 112 to peer 0xf6f380 (11 bytes)
1731207152.250670 sending message 112 to peer 0xf6f380 (12 bytes)
1731207152.250672 sending message 112 to peer 0xf6f380 (12 bytes)
1731207152.250673 sending message 112 to peer 0xf6f380 (12 bytes)
1731207152.250675 sending message 112 to peer 0xf6f380 (12 bytes)
1731207152.250676 sending message 112 to peer 0xf6f380 (12 bytes)
1731207152.250678 sending message 112 to peer 0xf6f380 (11 bytes)
1731207152.250679 sending message 112 to peer 0xf6f380 (12 bytes)
1731207152.250681 sending message 112 to peer 0xf6f380 (12 bytes)
1731207152.250683 sending message 112 to peer 0xf6f380 (13 bytes)
1731207152.250684 sending message 112 to peer 0xf6f380 (13 bytes)
1731207152.250686 sending message 112 to peer 0xf6f380 (13 bytes)
1731207152.250687 sending message 112 to peer 0xf6f380 (13 bytes)
1731207152.250689 sending message 112 to peer 0xf6f380 (13 bytes)
1731207152.250690 sending message 112 to peer 0xf6f380 (10 bytes)
1731207152.250692 sending message 112 to peer 0xf6f380 (9 bytes)
1731207152.250694 sending message 112 to peer 0xf6f380 (12 bytes)
1731207152.250695 sending message 112 to peer 0xf6f380 (13 bytes)
1731207152.250697 sending message 112 to peer 0xf6f380 (13 bytes)
1731207152.250698 sending message 112 to peer 0xf6f380 (13 bytes)
1731207152.250700 sending message 112 to peer 0xf6f380 (13 bytes)
1731207152.250701 sending message 112 to peer 0xf6f380 (13 bytes)
1731207152.250703 sending message 112 to peer 0xf6f380 (9 bytes)
1731207152.250705 sending message 112 to peer 0xf6f380 (12 bytes)
1731207152.250706 sending message 112 to peer 0xf6f380 (13 bytes)
1731207152.250708 sending message 112 to peer 0xf6f380 (13 bytes)
1731207152.250709 sending message 112 to peer 0xf6f380 (13 bytes)
1731207152.250711 sending message 112 to peer 0xf6f380 (13 bytes)
1731207152.250712 sending message 112 to peer 0xf6f380 (13 bytes)
1731207152.250714 sending message 112 to peer 0xf6f380 (11 bytes)
1731207152.250716 sending message 112 to peer 0xf6f380 (12 bytes)
1731207152.250717 sending message 112 to peer 0xf6f380 (13 bytes)
1731207152.250719 sending message 112 to peer 0xf6f380 (13 bytes)
1731207152.250720 sending message 112 to peer 0xf6f380 (13 bytes)
1731207152.250722 sending message 112 to peer 0xf6f380 (13 bytes)
1731207152.250724 sending message 112 to peer 0xf6f380 (13 bytes)
1731207152.250725 sending message 112 to peer 0xf6f380 (11 bytes)
1731207152.250730 sending message 112 to peer 0xf6f380 (12 bytes)
1731207152.250732 sending message 112 to peer 0xf6f380 (12 bytes)
1731207152.250733 sending message 112 to peer 0xf6f380 (12 bytes)
1731207152.250735 sending message 112 to peer 0xf6f380 (12 bytes)
1731207152.250736 sending message 112 to peer 0xf6f380 (12 bytes)
1731207152.250738 sending message 112 to peer 0xf6f380 (22 bytes)
1731207152.250739 sending message 112 to peer 0xf6f380 (12 bytes)
1731207152.250741 sending message 112 to peer 0xf6f380 (9 bytes)
1731207152.250743 sending message 112 to peer 0xf6f380 (6 bytes)
1731207152.250744 sending message 112 to peer 0xf6f380 (13 bytes)
1731207152.250746 sending message 112 to peer 0xf6f380 (10 bytes)
1731207152.250748 sending message 112 to peer 0xf6f380 (15 bytes)
1731207152.250749 sending message 112 to peer 0xf6f380 (11 bytes)
1731207152.250751 sending message 112 to peer 0xf6f380 (9 bytes)
1731207152.250753 sending message 112 to peer 0xf6f380 (70 bytes)
1731207152.250754 sending message 112 to peer 0xf6f380 (69 bytes)
1731207152.250756 sending message 112 to peer 0xf6f380 (34 bytes)
1731207152.250758 sending message 112 to peer 0xf6f380 (34 bytes)
1731207152.250759 sending message 112 to peer 0xf6f380 (69 bytes)
1731207152.250761 sending message 112 to peer 0xf6f380 (12 bytes)
1731207152.250762 sending message 112 to peer 0xf6f380 (10 bytes)
1731207152.250764 sending message 112 to peer 0xf6f380 (10 bytes)
1731207152.250766 sending message 112 to peer 0xf6f380 (15 bytes)
1731207152.250767 sending message 112 to peer 0xf6f380 (11 bytes)
1731207152.250769 sending message 112 to peer 0xf6f380 (10 bytes)
1731207152.250771 sending message 112 to peer 0xf6f380 (10 bytes)
1731207152.250772 sending message 112 to peer 0xf6f380 (17 bytes)
1731207152.250774 sending message 112 to peer 0xf6f380 (10 bytes)
1731207152.250775 sending message 112 to peer 0xf6f380 (13 bytes)
1731207152.250777 sending message 112 to peer 0xf6f380 (17 bytes)
1731207152.250779 sending message 112 to peer 0xf6f380 (5 bytes)
1731207152.250780 sending message 112 to peer 0xf6f380 (9 bytes)
1731207152.250782 sending message 112 to peer 0xf6f380 (15 bytes)
1731207152.250784 sending message 104 to peer 0xf6f380 (0 bytes)
1731207152.250786 sending message 110 to peer 0xf6f380 (0 bytes)
1731207152.250788 sending message 107 to peer 0xf6f380 (4 bytes)
1731207152.250790 sending message 105 to peer 0xf6f380 (38 bytes)
1731207152.250791 sending message 105 to peer 0xf6f380 (21 bytes)
1731207152.250793 sending message 105 to peer 0xf6f380 (20 bytes)
1731207152.250795 sending message 105 to peer 0xf6f380 (224 bytes)
1731207152.250797 sending message 105 to peer 0xf6f380 (46 bytes)
1731207152.250798 sending message 105 to peer 0xf6f380 (23 bytes)
1731207152.250800 sending message 105 to peer 0xf6f380 (20 bytes)
1731207152.250802 sending message 105 to peer 0xf6f380 (517 bytes)
1731207152.250803 sending message 105 to peer 0xf6f380 (24 bytes)
1731207152.250805 sending message 105 to peer 0xf6f380 (17 bytes)
1731207152.250807 sending message 105 to peer 0xf6f380 (15 bytes)
1731207152.250808 sending message 105 to peer 0xf6f380 (16 bytes)
1731207152.250810 sending message 105 to peer 0xf6f380 (12 bytes)
1731207152.250812 sending message 105 to peer 0xf6f380 (15 bytes)
1731207152.250813 sending message 105 to peer 0xf6f380 (33 bytes)
1731207152.250815 sending message 105 to peer 0xf6f380 (164 bytes)
1731207152.250817 sending message 105 to peer 0xf6f380 (12 bytes)
1731207152.250818 sending message 105 to peer 0xf6f380 (25 bytes)
1731207152.250820 sending message 105 to peer 0xf6f380 (25 bytes)
1731207152.250822 sending message 105 to peer 0xf6f380 (79 bytes)
1731207152.250823 sending message 105 to peer 0xf6f380 (187 bytes)
1731207152.250825 sending message 105 to peer 0xf6f380 (43 bytes)
1731207152.250827 sending message 105 to peer 0xf6f380 (52 bytes)
1731207152.250828 sending message 105 to peer 0xf6f380 (60 bytes)
1731207152.250830 sending message 105 to peer 0xf6f380 (15 bytes)
1731207152.250832 sending message 105 to peer 0xf6f380 (13 bytes)
1731207152.250835 sending message 105 to peer 0xf6f380 (17 bytes)
1731207152.250837 sending message 105 to peer 0xf6f380 (21 bytes)
1731207152.250839 sending message 105 to peer 0xf6f380 (1905 bytes)
1731207152.250846 sending message 105 to peer 0xf6f380 (30 bytes)
1731207152.250848 sending message 105 to peer 0xf6f380 (25 bytes)
1731207152.250850 sending message 105 to peer 0xf6f380 (48 bytes)
1731207152.250851 sending message 105 to peer 0xf6f380 (26 bytes)
1731207152.250853 sending message 105 to peer 0xf6f380 (38 bytes)
1731207152.250855 sending message 105 to peer 0xf6f380 (95 bytes)
1731207152.250856 sending message 105 to peer 0xf6f380 (18 bytes)
1731207152.250858 sending message 105 to peer 0xf6f380 (14 bytes)
1731207152.250860 sending message 105 to peer 0xf6f380 (24 bytes)
1731207152.250861 sending message 105 to peer 0xf6f380 (56 bytes)
1731207152.250863 sending message 105 to peer 0xf6f380 (407 bytes)
1731207152.250865 sending message 105 to peer 0xf6f380 (23 bytes)
1731207152.250866 sending message 105 to peer 0xf6f380 (85 bytes)
1731207152.250868 sending message 105 to peer 0xf6f380 (17 bytes)
1731207152.250869 sending message 105 to peer 0xf6f380 (30 bytes)
1731207152.250871 sending message 105 to peer 0xf6f380 (678 bytes)
1731207152.250873 sending message 105 to peer 0xf6f380 (87 bytes)
1731207152.250875 sending message 105 to peer 0xf6f380 (9 bytes)
1731207152.250876 sending message 105 to peer 0xf6f380 (24 bytes)
1731207152.250878 sending message 105 to peer 0xf6f380 (20 bytes)
1731207152.250879 sending message 105 to peer 0xf6f380 (11 bytes)
1731207152.250881 sending message 105 to peer 0xf6f380 (8 bytes)
1731207152.250883 sending message 105 to peer 0xf6f380 (38 bytes)
1731207152.250884 sending message 105 to peer 0xf6f380 (11 bytes)
1731207152.250886 sending message 105 to peer 0xf6f380 (25 bytes)
1731207152.250887 sending message 105 to peer 0xf6f380 (298 bytes)
1731207152.250889 sending message 105 to peer 0xf6f380 (27 bytes)
1731207152.250891 sending message 105 to peer 0xf6f380 (31 bytes)
1731207152.250892 sending message 105 to peer 0xf6f380 (11 bytes)
1731207152.250894 sending message 105 to peer 0xf6f380 (17 bytes)
1731207152.250896 sending message 105 to peer 0xf6f380 (64 bytes)
1731207152.250897 sending message 105 to peer 0xf6f380 (72 bytes)
1731207152.250899 sending message 105 to peer 0xf6f380 (255 bytes)
1731207152.250901 sending message 105 to peer 0xf6f380 (31 bytes)
1731207152.250903 sending message 105 to peer 0xf6f380 (83 bytes)
1731207152.250904 sending message 105 to peer 0xf6f380 (20 bytes)
1731207152.250906 sending message 105 to peer 0xf6f380 (201 bytes)
1731207152.250907 sending message 105 to peer 0xf6f380 (16 bytes)
1731207152.250909 sending message 105 to peer 0xf6f380 (212 bytes)
1731207152.250911 sending message 105 to peer 0xf6f380 (392 bytes)
1731207152.250913 sending message 105 to peer 0xf6f380 (54 bytes)
1731207152.250914 sending message 105 to peer 0xf6f380 (33 bytes)
1731207152.250916 sending message 105 to peer 0xf6f380 (90 bytes)
1731207152.250918 sending message 105 to peer 0xf6f380 (23 bytes)
1731207152.250919 sending message 105 to peer 0xf6f380 (34 bytes)
1731207152.250921 sending message 105 to peer 0xf6f380 (30 bytes)
1731207152.250922 sending message 106 to peer 0xf6f380 (0 bytes)
1731207152.250954 sending message 200 to peer 0xf6f380 (4 bytes)
1731207152.250956 client loop enter
1731207152.250967 client_signal: Child exited
1731207152.308383 peer 0xf6f380 message 207
1731207152.308389 sending message 208 to peer 0xf6f380 (0 bytes)
1731207156.880327 peer 0xf6f380 message 203
1731207156.880338 sending message 205 to peer 0xf6f380 (0 bytes)
1731207156.880734 peer 0xf6f380 message 204
1731207156.880742 client loop exit
